<?xml version="1.0" encoding="UTF-8"?>
<!-- Generated by org.testng.reporters.JUnitXMLReporter -->
<testsuite ignored="0" hostname="Koushik" failures="0" tests="5" name="Test1" time="27.342" errors="0" timestamp="2025-09-01T14:18:34 IST">
  <testcase classname="testpackage.saucelabLogin" name="sauseloginTest" time="5.525"/>
  <testcase classname="testpackage.saucelabLogin" name="sauseloginTest" time="3.689"/>
  <testcase classname="testpackage.saucelabLogin" name="sauseloginTest" time="7.821"/>
  <testcase classname="testpackage.saucelabLogin" name="sauseloginTest" time="2.453"/>
  <testcase classname="testpackage.saucelabLogin" name="sauseloginTest" time="2.739"/>
</testsuite> <!-- Test1 -->
