<?xml version="1.0" encoding="UTF-8"?>
<!-- Generated by org.testng.reporters.JUnitXMLReporter -->
<testsuite ignored="0" hostname="Koushik" failures="0" tests="5" name="Test1" time="18.877" errors="0" timestamp="2025-09-11T17:24:49 IST">
  <testcase classname="testpackage.saucelabLogin" name="sauseloginTest" time="2.678"/>
  <testcase classname="testpackage.saucelabLogin" name="sauseloginTest" time="2.21"/>
  <testcase classname="testpackage.saucelabLogin" name="sauseloginTest" time="7.191"/>
  <testcase classname="testpackage.saucelabLogin" name="sauseloginTest" time="1.561"/>
  <testcase classname="testpackage.saucelabLogin" name="sauseloginTest" time="1.55"/>
</testsuite> <!-- Test1 -->
